Below is a list of files we were unable to include in this backup. These files
are not missing, but were not available in our file-store cloud at the time the
tarball was made or are not backed up because they can be generated. In almost
all cases these will be resolved the next time you generate a backup or export.

/styles/thumbnail/public/2020-03/Autoretrato.JPG: Generated files are not backed up
/styles/thumbnail/public/2020-01/person_7.jpg: Generated files are not backed up
/styles/thumbnail/public/2020-01/person_1_1.jpg: Generated files are not backed up
/styles/thumbnail/public/2020-01/contact.PNG: Generated files are not backed up
/styles/thumbnail/public/2020-03/cuadro 2.jpeg: Generated files are not backed up
/styles/thumbnail/public/2020-03/cuadro 5 - recorte 2.jpeg: Generated files are not backed up
/styles/thumbnail/public/2020-03/Vestigios de una monarquia 2.jpg: Generated files are not backed up
/styles/thumbnail/public/2020-02/Cristina Jaramillo bn.jpeg: Generated files are not backed up
/styles/thumbnail/public/2020-03/Carlos Eduardo Erazo Muñoz.jpg: Generated files are not backed up
/styles/thumbnail/public/2020-01/banner.png: Generated files are not backed up
/styles/thumbnail/public/2020-03/cuadro 10 - recorte.jpeg: Generated files are not backed up
/styles/thumbnail/public/2020-02/Pedro Crespo bn 2.jpeg: Generated files are not backed up
/styles/thumbnail/public/2020-01/person_8.jpg: Generated files are not backed up
/styles/thumbnail/public/2020-02/Cristina Jaramillo 2 bn.jpeg: Generated files are not backed up
/styles/thumbnail/public/2020-04/Landing.jpeg: Generated files are not backed up
/styles/thumbnail/public/2020-02/Pedro Crespo 2_0.jpeg: Generated files are not backed up
/styles/thumbnail/public/2020-02/Pedro Crespo bn 2_0.jpeg: Generated files are not backed up
/styles/thumbnail/public/2020-02/Carlos Eduardo Erazo Muñoz.jpg: Generated files are not backed up
/styles/thumbnail/public/2020-03/Chaman.JPG: Generated files are not backed up
/styles/thumbnail/public/2020-01/Pedro Crespo_1.jpg: Generated files are not backed up
/styles/thumbnail/public/2020-03/Cristina Jaramillo_0.jpeg: Generated files are not backed up
/styles/thumbnail/public/2020-02/contact.PNG: Generated files are not backed up
/styles/thumbnail/public/2020-01/Cristina Jaramillo_0.jpeg: Generated files are not backed up
/styles/thumbnail/public/2020-03/Chaman 2.jpg: Generated files are not backed up
/styles/thumbnail/public/2020-03/Armonía Musical 2.jpg: Generated files are not backed up
/styles/thumbnail/public/2020-01/person_4_0.jpg: Generated files are not backed up
/styles/thumbnail/public/2020-02/Pedro Crespo.jpg: Generated files are not backed up
/styles/thumbnail/public/2020-01/debby-hudson-asviIGR3CPE-unsplash.jpg: Generated files are not backed up
/styles/thumbnail/public/2020-03/Sendero del Panal.JPG: Generated files are not backed up
/styles/thumbnail/public/2020-01/person_6.jpg: Generated files are not backed up
/styles/thumbnail/public/2020-03/Pedro Crespo 2_0.jpeg: Generated files are not backed up
/styles/thumbnail/public/2020-03/Armonía Musical.JPG: Generated files are not backed up
/styles/thumbnail/public/2020-01/Gloria Granada_0.jpg: Generated files are not backed up
/styles/thumbnail/public/2020-02/banner black.png: Generated files are not backed up
/styles/thumbnail/public/2020-03/Image-02.jpeg: Generated files are not backed up
/styles/thumbnail/public/2020-03/Vestigios de una monarquia.JPG: Generated files are not backed up
/styles/thumbnail/public/2020-01/inaki-del-olmo-NIJuEQw0RKg-unsplash.jpg: Generated files are not backed up
/styles/thumbnail/public/2020-04/shapelined-_JBKdviweXI-unsplash.jpg: Generated files are not backed up
/styles/thumbnail/public/2020-03/cuadro 4.jpeg: Generated files are not backed up
/styles/thumbnail/public/2020-01/hero_3_0.jpg: Generated files are not backed up
/styles/thumbnail/public/2020-01/Pedro Crespo.jpg: Generated files are not backed up
/styles/thumbnail/public/2020-02/Martillo.jpg: Generated files are not backed up
/styles/thumbnail/public/2020-03/cuadro 7 - recorte - negro - recorte 1.jpeg: Generated files are not backed up
/styles/thumbnail/public/2020-03/cuadro 11 - recorte 2- recorte.jpeg: Generated files are not backed up
/styles/thumbnail/public/2020-02/Carlos Eduardo Erazo Muñoz_1.jpg: Generated files are not backed up
/styles/thumbnail/public/2020-01/Carlos Eduardo Erazo Muñoz.jpg: Generated files are not backed up
/styles/thumbnail/public/2020-03/cuadro 3.jpeg: Generated files are not backed up
/styles/thumbnail/public/2020-03/Estefania Granada.jpg: Generated files are not backed up
/styles/thumbnail/public/2020-03/Resonancia Espiritual 2.jpg: Generated files are not backed up
/styles/thumbnail/public/2020-03/El colibrí.JPG: Generated files are not backed up
/styles/thumbnail/public/2020-02/Karla bn.jpeg: Generated files are not backed up
/styles/thumbnail/public/2020-03/brandi-redd-6H9H-tYPUQQ-unsplash.jpg: Generated files are not backed up
/styles/thumbnail/public/2020-03/cuadro 1.jpeg: Generated files are not backed up
/styles/thumbnail/public/2020-02/Estefania Granada.jpg: Generated files are not backed up
/styles/thumbnail/public/2020-03/tim-evans-Uf-c4u1usFQ-unsplash.jpg: Generated files are not backed up
/styles/thumbnail/public/2020-02/Estefania Granada_0.jpg: Generated files are not backed up
/styles/thumbnail/public/2020-03/Image-05.jpeg: Generated files are not backed up
/styles/thumbnail/public/2020-03/cuadro 5-01.jpeg: Generated files are not backed up
/styles/thumbnail/public/2020-03/Pedro Crespo 3.jpg: Generated files are not backed up
/styles/thumbnail/public/2020-01/Pedro Crespo_0.jpg: Generated files are not backed up
/styles/thumbnail/public/2020-03/collage-recorte_0.jpg: Generated files are not backed up
/styles/thumbnail/public/2020-02/Gloria Granada.png: Generated files are not backed up
/styles/thumbnail/public/2020-03/kyryll-ushakov-EeiQbgDD4PQ-unsplash.jpg: Generated files are not backed up
/styles/thumbnail/public/2020-01/reunion_0.jpeg: Generated files are not backed up
/styles/thumbnail/public/2020-03/Resonancia Espiritual.JPG: Generated files are not backed up
/styles/thumbnail/public/2020-03/Image-01.jpeg: Generated files are not backed up
/styles/thumbnail/public/2020-03/Karla.jpeg: Generated files are not backed up
/styles/thumbnail/public/2020-04/Foto bio.jpeg: Generated files are not backed up
/styles/thumbnail/public/2020-02/Estefania Granada.png: Generated files are not backed up
/styles/thumbnail/public/2020-03/Resonancia Espiritual 2_0.jpg: Generated files are not backed up
/styles/thumbnail/public/2020-01/bg_2_0.jpg: Generated files are not backed up
/styles/thumbnail/public/2020-03/brandi-redd-6H9H-tYPUQQ-unsplash_0.jpg: Generated files are not backed up
/styles/thumbnail/public/2020-03/cuadro 6- recorte.jpeg: Generated files are not backed up
/styles/thumbnail/public/2020-03/shapelined-_JBKdviweXI-unsplash.jpg: Generated files are not backed up
/styles/thumbnail/public/2020-03/Pedro Crespo 3 .jpg: Generated files are not backed up
/styles/thumbnail/public/2020-01/piotr-hamryszczak-grSarGLMPxU-unsplash.jpg: Generated files are not backed up
/styles/thumbnail/public/2020-03/shapelined-_JBKdviweXI-unsplash_0.jpg: Generated files are not backed up
/styles/thumbnail/public/2020-03/tim-evans-Uf-c4u1usFQ-unsplash_0.jpg: Generated files are not backed up
/styles/thumbnail/public/2020-03/Cristina Jaramillo_1.jpeg: Generated files are not backed up
/styles/thumbnail/public/2020-01/image_3_1.jpg: Generated files are not backed up
/styles/thumbnail/public/2020-03/Karla_0.jpeg: Generated files are not backed up
/styles/thumbnail/public/2020-03/Cristina Jaramillo.jpeg: Generated files are not backed up
/styles/thumbnail/public/2020-03/Gloria Granada_0.png: Generated files are not backed up
/styles/thumbnail/public/2020-03/Image-06.jpeg: Generated files are not backed up
/styles/thumbnail/public/2020-01/thomas-martinsen-4H9IuFBIpYM-unsplash.jpg: Generated files are not backed up
/styles/thumbnail/public/2020-01/Cristina Jaramillo_1.jpeg: Generated files are not backed up
/styles/thumbnail/public/2020-04/IMAG0007-01.jpeg: Generated files are not backed up
/styles/thumbnail/public/2020-01/Gloria Granada.jpg: Generated files are not backed up
/styles/thumbnail/public/2020-03/Pedro Crespo 2.jpeg: Generated files are not backed up
/styles/thumbnail/public/2020-03/Image-04.jpeg: Generated files are not backed up
/styles/thumbnail/public/2020-01/Cristina Jaramillo.jpeg: Generated files are not backed up
/styles/thumbnail/public/2020-03/Vestigios de una monarquia 2_0.jpg: Generated files are not backed up
/styles/thumbnail/public/2020-03/cuadro 4 - recorte_1.jpeg: Generated files are not backed up
/styles/thumbnail/public/2020-02/bg_1.jpg: Generated files are not backed up
/styles/thumbnail/public/2020-01/contact_0.PNG: Generated files are not backed up
/styles/thumbnail/public/2020-01/Carlos Eduardo Erazo Muñoz_0.jpg: Generated files are not backed up
/styles/thumbnail/public/2020-03/Gloria Granada.png: Generated files are not backed up
/styles/thumbnail/public/2020-01/person_2_0.jpg: Generated files are not backed up
/styles/thumbnail/public/2020-02/bill-oxford-OXGhu60NwxU-unsplash.jpg: Generated files are not backed up
/styles/thumbnail/public/2020-03/cuadro 4 - recorte_0.jpeg: Generated files are not backed up
/styles/thumbnail/public/2020-01/hero_3.jpg: Generated files are not backed up
/styles/thumbnail/public/2020-03/Image-03.jpeg: Generated files are not backed up
/styles/thumbnail/public/2020-03/Estefania Granada.png: Generated files are not backed up
/styles/thumbnail/public/2020-03/brandi-redd-6H9H-tYPUQQ-unsplash_1.jpg: Generated files are not backed up
/styles/thumbnail/public/2020-01/Cristina Jaramillo2.jpeg: Generated files are not backed up
/styles/thumbnail/public/2020-03/Sendero del Panal 2.jpg: Generated files are not backed up
/styles/thumbnail/public/2020-01/Karla_0.jpeg: Generated files are not backed up
/styles/thumbnail/public/2020-02/Carlos Eduardo Erazo Muñoz_0.jpg: Generated files are not backed up
/styles/thumbnail/public/2020-01/logocrespo_1.png: Generated files are not backed up
/styles/thumbnail/public/2020-03/collage - recorte.jpg: Generated files are not backed up
/styles/thumbnail/public/2020-01/Karla.jpeg: Generated files are not backed up
/styles/thumbnail/public/2020-03/Pedro Crespo.jpg: Generated files are not backed up
/styles/thumbnail/public/2020-02/Pedro Crespo.jpeg: Generated files are not backed up
/styles/thumbnail/public/2020-03/cuadro 4 - recorte.jpeg: Generated files are not backed up
/styles/thumbnail/public/2020-01/person_3.jpg: Generated files are not backed up
/styles/thumbnail/public/2020-03/jake-mezhuev-Td0nPU_ws5w-unsplash.jpg: Generated files are not backed up
/styles/thumbnail/public/2020-02/Martillo_0.jpg: Generated files are not backed up
/styles/thumbnail/public/2020-02/arren-mills-LwMzzpdwaDE-unsplash.jpg: Generated files are not backed up
/styles/thumbnail/public/2020-03/Autoretrato 2.jpg: Generated files are not backed up
/styles/thumbnail/public/2020-03/WhatsApp Image 2020-02-20 at 12.34.45.jpeg: Generated files are not backed up
/styles/thumbnail/public/2020-02/Pedro Crespo_0.jpg: Generated files are not backed up

If you need immediate access to the files listed here, or have questions about
the state of your files, you can contact support via your Dashboard.

